2014/03/08 13:53:02 [error] [php] date(): It is not safe to rely on the system's timezone settings. You are *required* to use the date.timezone setting or the date_default_timezone_set() function. In case you used any of those methods and you are still getting this warning, you most likely misspelled the timezone identifier. We selected the timezone 'UTC' for now, but please set date.timezone to select your timezone. (/Library/WebServer/Documents/GoodWork/protected/views/layouts/main.php:51)
Stack trace:
#0 /Library/WebServer/Documents/yii/framework/web/CBaseController.php(95): SiteController->renderInternal()
#1 /Library/WebServer/Documents/yii/framework/web/widgets/CContentDecorator.php(76): SiteController->renderFile()
#2 /Library/WebServer/Documents/yii/framework/web/widgets/CContentDecorator.php(54): CContentDecorator->decorate()
#3 /Library/WebServer/Documents/yii/framework/web/widgets/COutputProcessor.php(44): CContentDecorator->processOutput()
#4 /Library/WebServer/Documents/yii/framework/web/CBaseController.php(206): CContentDecorator->run()
#5 /Library/WebServer/Documents/yii/framework/web/CBaseController.php(300): SiteController->endWidget()
#6 /Library/WebServer/Documents/GoodWork/protected/views/layouts/column1.php(6): SiteController->endContent()
#7 /Library/WebServer/Documents/yii/framework/web/CBaseController.php(126): require()
#8 /Library/WebServer/Documents/yii/framework/web/CBaseController.php(95): SiteController->renderInternal()
#9 /Library/WebServer/Documents/yii/framework/web/CController.php(784): SiteController->renderFile()
#10 /Library/WebServer/Documents/GoodWork/protected/controllers/SiteController.php(32): SiteController->render()
#11 /Library/WebServer/Documents/yii/framework/web/actions/CInlineAction.php(49): SiteController->actionIndex()
#12 /Library/WebServer/Documents/yii/framework/web/CController.php(308): CInlineAction->runWithParams()
#13 /Library/WebServer/Documents/yii/framework/web/CController.php(286): SiteController->runAction()
#14 /Library/WebServer/Documents/yii/framework/web/CController.php(265): SiteController->runActionWithFilters()
#15 /Library/WebServer/Documents/yii/framework/web/CWebApplication.php(282): SiteController->run()
#16 /Library/WebServer/Documents/yii/framework/web/CWebApplication.php(141): CWebApplication->runController()
#17 /Library/WebServer/Documents/yii/framework/base/CApplication.php(180): CWebApplication->processRequest()
#18 /Library/WebServer/Documents/GoodWork/index.php(13): CWebApplication->run()
REQUEST_URI=/GoodWork/
in /Library/WebServer/Documents/GoodWork/protected/views/layouts/main.php (51)
in /Library/WebServer/Documents/GoodWork/protected/views/layouts/column1.php (6)
in /Library/WebServer/Documents/GoodWork/protected/controllers/SiteController.php (32)
2014/03/10 22:06:39 [error] [php] include(/protected/models/Multimedia.php): failed to open stream: No such file or directory (/Library/WebServer/Documents/GoodWorkyii/protected/views/layouts/main.php:51)
Stack trace:
#0 /Library/WebServer/Documents/yii/framework/web/CBaseController.php(95): SiteController->renderInternal()
#1 /Library/WebServer/Documents/yii/framework/web/widgets/CContentDecorator.php(76): SiteController->renderFile()
#2 /Library/WebServer/Documents/yii/framework/web/widgets/CContentDecorator.php(54): CContentDecorator->decorate()
#3 /Library/WebServer/Documents/yii/framework/web/widgets/COutputProcessor.php(44): CContentDecorator->processOutput()
#4 /Library/WebServer/Documents/yii/framework/web/CBaseController.php(206): CContentDecorator->run()
#5 /Library/WebServer/Documents/yii/framework/web/CBaseController.php(300): SiteController->endWidget()
#6 /Library/WebServer/Documents/GoodWorkyii/protected/views/layouts/column1.php(6): SiteController->endContent()
#7 /Library/WebServer/Documents/yii/framework/web/CBaseController.php(126): require()
#8 /Library/WebServer/Documents/yii/framework/web/CBaseController.php(95): SiteController->renderInternal()
#9 /Library/WebServer/Documents/yii/framework/web/CController.php(784): SiteController->renderFile()
#10 /Library/WebServer/Documents/GoodWorkyii/protected/controllers/SiteController.php(32): SiteController->render()
#11 /Library/WebServer/Documents/yii/framework/web/actions/CInlineAction.php(49): SiteController->actionIndex()
#12 /Library/WebServer/Documents/yii/framework/web/CController.php(308): CInlineAction->runWithParams()
#13 /Library/WebServer/Documents/yii/framework/web/CController.php(286): SiteController->runAction()
#14 /Library/WebServer/Documents/yii/framework/web/CController.php(265): SiteController->runActionWithFilters()
#15 /Library/WebServer/Documents/yii/framework/web/CWebApplication.php(282): SiteController->run()
#16 /Library/WebServer/Documents/yii/framework/web/CWebApplication.php(141): CWebApplication->runController()
#17 /Library/WebServer/Documents/yii/framework/base/CApplication.php(180): CWebApplication->processRequest()
#18 /Library/WebServer/Documents/GoodWorkyii/index.php(13): CWebApplication->run()
REQUEST_URI=/GoodWorkyii/
in /Library/WebServer/Documents/GoodWorkyii/protected/views/layouts/main.php (51)
in /Library/WebServer/Documents/GoodWorkyii/protected/views/layouts/main.php (51)
in /Library/WebServer/Documents/GoodWorkyii/protected/views/layouts/column1.php (6)
2014/03/23 23:01:19 [error] [exception.CDbException] exception 'CDbException' with message 'CDbConnection failed to open the DB connection: SQLSTATE[HY000] [2002] No such file or directory' in /homepages/37/d520436254/htdocs/framework/db/CDbConnection.php:382
Stack trace:
#0 /homepages/37/d520436254/htdocs/framework/db/CDbConnection.php(330): CDbConnection->open()
#1 /homepages/37/d520436254/htdocs/framework/db/CDbConnection.php(308): CDbConnection->setActive(true)
#2 /homepages/37/d520436254/htdocs/framework/base/CModule.php(387): CDbConnection->init()
#3 /homepages/37/d520436254/htdocs/framework/base/CModule.php(103): CModule->getComponent('db')
#4 /homepages/37/d520436254/htdocs/protected/controllers/SiteController.php(148): CModule->__get('db')
#5 /homepages/37/d520436254/htdocs/framework/web/actions/CInlineAction.php(49): SiteController->actionLogUser()
#6 /homepages/37/d520436254/htdocs/framework/web/CController.php(308): CInlineAction->runWithParams(Array)
#7 /homepages/37/d520436254/htdocs/framework/web/CController.php(286): CController->runAction(Object(CInlineAction))
#8 /homepages/37/d520436254/htdocs/framework/web/CController.php(265): CController->runActionWithFilters(Object(CInlineAction), Array)
#9 /homepages/37/d520436254/htdocs/framework/web/CWebApplication.php(282): CController->run('logUser')
#10 /homepages/37/d520436254/htdocs/framework/web/CWebApplication.php(141): CWebApplication->runController('site/logUser')
#11 /homepages/37/d520436254/htdocs/framework/base/CApplication.php(180): CWebApplication->processRequest()
#12 /homepages/37/d520436254/htdocs/index.php(13): CApplication->run()
#13 {main}
REQUEST_URI=/index.php?r=site/logUser
HTTP_REFERER=http://www.goodworkonline.com/
---
2014/03/23 23:01:22 [error] [exception.CDbException] exception 'CDbException' with message 'CDbConnection failed to open the DB connection: SQLSTATE[HY000] [2002] No such file or directory' in /homepages/37/d520436254/htdocs/framework/db/CDbConnection.php:382
Stack trace:
#0 /homepages/37/d520436254/htdocs/framework/db/CDbConnection.php(330): CDbConnection->open()
#1 /homepages/37/d520436254/htdocs/framework/db/CDbConnection.php(308): CDbConnection->setActive(true)
#2 /homepages/37/d520436254/htdocs/framework/base/CModule.php(387): CDbConnection->init()
#3 /homepages/37/d520436254/htdocs/framework/base/CModule.php(103): CModule->getComponent('db')
#4 /homepages/37/d520436254/htdocs/protected/controllers/SiteController.php(148): CModule->__get('db')
#5 /homepages/37/d520436254/htdocs/framework/web/actions/CInlineAction.php(49): SiteController->actionLogUser()
#6 /homepages/37/d520436254/htdocs/framework/web/CController.php(308): CInlineAction->runWithParams(Array)
#7 /homepages/37/d520436254/htdocs/framework/web/CController.php(286): CController->runAction(Object(CInlineAction))
#8 /homepages/37/d520436254/htdocs/framework/web/CController.php(265): CController->runActionWithFilters(Object(CInlineAction), Array)
#9 /homepages/37/d520436254/htdocs/framework/web/CWebApplication.php(282): CController->run('logUser')
#10 /homepages/37/d520436254/htdocs/framework/web/CWebApplication.php(141): CWebApplication->runController('site/logUser')
#11 /homepages/37/d520436254/htdocs/framework/base/CApplication.php(180): CWebApplication->processRequest()
#12 /homepages/37/d520436254/htdocs/index.php(13): CApplication->run()
#13 {main}
REQUEST_URI=/index.php?r=site/logUser
HTTP_REFERER=http://www.goodworkonline.com/
---
2014/03/24 00:46:16 [error] [exception.CDbException] exception 'CDbException' with message 'CDbConnection failed to open the DB connection: SQLSTATE[HY000] [2002] No such file or directory' in /homepages/37/d520436254/htdocs/framework/db/CDbConnection.php:382
Stack trace:
#0 /homepages/37/d520436254/htdocs/framework/db/CDbConnection.php(330): CDbConnection->open()
#1 /homepages/37/d520436254/htdocs/framework/db/CDbConnection.php(308): CDbConnection->setActive(true)
#2 /homepages/37/d520436254/htdocs/framework/base/CModule.php(387): CDbConnection->init()
#3 /homepages/37/d520436254/htdocs/framework/base/CModule.php(103): CModule->getComponent('db')
#4 /homepages/37/d520436254/htdocs/protected/controllers/SiteController.php(148): CModule->__get('db')
#5 /homepages/37/d520436254/htdocs/framework/web/actions/CInlineAction.php(49): SiteController->actionLogUser()
#6 /homepages/37/d520436254/htdocs/framework/web/CController.php(308): CInlineAction->runWithParams(Array)
#7 /homepages/37/d520436254/htdocs/framework/web/CController.php(286): CController->runAction(Object(CInlineAction))
#8 /homepages/37/d520436254/htdocs/framework/web/CController.php(265): CController->runActionWithFilters(Object(CInlineAction), Array)
#9 /homepages/37/d520436254/htdocs/framework/web/CWebApplication.php(282): CController->run('logUser')
#10 /homepages/37/d520436254/htdocs/framework/web/CWebApplication.php(141): CWebApplication->runController('site/logUser')
#11 /homepages/37/d520436254/htdocs/framework/base/CApplication.php(180): CWebApplication->processRequest()
#12 /homepages/37/d520436254/htdocs/index.php(13): CApplication->run()
#13 {main}
REQUEST_URI=/index.php?r=site/logUser
HTTP_REFERER=http://www.goodworkonline.com/
---
2014/03/24 01:37:09 [error] [exception.CDbException] exception 'CDbException' with message 'CDbConnection failed to open the DB connection: SQLSTATE[HY000] [2002] No such file or directory' in /homepages/37/d520436254/htdocs/framework/db/CDbConnection.php:382
Stack trace:
#0 /homepages/37/d520436254/htdocs/framework/db/CDbConnection.php(330): CDbConnection->open()
#1 /homepages/37/d520436254/htdocs/framework/db/CDbConnection.php(308): CDbConnection->setActive(true)
#2 /homepages/37/d520436254/htdocs/framework/base/CModule.php(387): CDbConnection->init()
#3 /homepages/37/d520436254/htdocs/framework/base/CModule.php(103): CModule->getComponent('db')
#4 /homepages/37/d520436254/htdocs/protected/controllers/SiteController.php(148): CModule->__get('db')
#5 /homepages/37/d520436254/htdocs/framework/web/actions/CInlineAction.php(49): SiteController->actionLogUser()
#6 /homepages/37/d520436254/htdocs/framework/web/CController.php(308): CInlineAction->runWithParams(Array)
#7 /homepages/37/d520436254/htdocs/framework/web/CController.php(286): CController->runAction(Object(CInlineAction))
#8 /homepages/37/d520436254/htdocs/framework/web/CController.php(265): CController->runActionWithFilters(Object(CInlineAction), Array)
#9 /homepages/37/d520436254/htdocs/framework/web/CWebApplication.php(282): CController->run('logUser')
#10 /homepages/37/d520436254/htdocs/framework/web/CWebApplication.php(141): CWebApplication->runController('site/logUser')
#11 /homepages/37/d520436254/htdocs/framework/base/CApplication.php(180): CWebApplication->processRequest()
#12 /homepages/37/d520436254/htdocs/index.php(13): CApplication->run()
#13 {main}
REQUEST_URI=/index.php?r=site/logUser
HTTP_REFERER=http://www.goodworkonline.com/
---
2014/03/24 01:37:15 [error] [exception.CDbException] exception 'CDbException' with message 'CDbConnection failed to open the DB connection: SQLSTATE[HY000] [2002] No such file or directory' in /homepages/37/d520436254/htdocs/framework/db/CDbConnection.php:382
Stack trace:
#0 /homepages/37/d520436254/htdocs/framework/db/CDbConnection.php(330): CDbConnection->open()
#1 /homepages/37/d520436254/htdocs/framework/db/CDbConnection.php(308): CDbConnection->setActive(true)
#2 /homepages/37/d520436254/htdocs/framework/base/CModule.php(387): CDbConnection->init()
#3 /homepages/37/d520436254/htdocs/framework/base/CModule.php(103): CModule->getComponent('db')
#4 /homepages/37/d520436254/htdocs/protected/controllers/SiteController.php(148): CModule->__get('db')
#5 /homepages/37/d520436254/htdocs/framework/web/actions/CInlineAction.php(49): SiteController->actionLogUser()
#6 /homepages/37/d520436254/htdocs/framework/web/CController.php(308): CInlineAction->runWithParams(Array)
#7 /homepages/37/d520436254/htdocs/framework/web/CController.php(286): CController->runAction(Object(CInlineAction))
#8 /homepages/37/d520436254/htdocs/framework/web/CController.php(265): CController->runActionWithFilters(Object(CInlineAction), Array)
#9 /homepages/37/d520436254/htdocs/framework/web/CWebApplication.php(282): CController->run('logUser')
#10 /homepages/37/d520436254/htdocs/framework/web/CWebApplication.php(141): CWebApplication->runController('site/logUser')
#11 /homepages/37/d520436254/htdocs/framework/base/CApplication.php(180): CWebApplication->processRequest()
#12 /homepages/37/d520436254/htdocs/index.php(13): CApplication->run()
#13 {main}
REQUEST_URI=/index.php?r=site/logUser
HTTP_REFERER=http://www.goodworkonline.com/
---
